  Source.cpp
c:\users\maike\source\repos\projekt ppk- algorytm dijkstry\projekt ppk- algorytm dijkstry\struct.cpp(9): error C3646: "nazwa": nieznany specyfikator przesłonięcia
c:\users\maike\source\repos\projekt ppk- algorytm dijkstry\projekt ppk- algorytm dijkstry\struct.cpp(9): error C4430: brak specyfikatora typu - założono, że int. Uwaga: C++ nie obsługuje domyślnie typu int
c:\users\maike\source\repos\projekt ppk- algorytm dijkstry\projekt ppk- algorytm dijkstry\struct.cpp(10): error C2143: błąd składniowy: brakuje „;” przed „*”
c:\users\maike\source\repos\projekt ppk- algorytm dijkstry\projekt ppk- algorytm dijkstry\struct.cpp(10): error C4430: brak specyfikatora typu - założono, że int. Uwaga: C++ nie obsługuje domyślnie typu int
c:\users\maike\source\repos\projekt ppk- algorytm dijkstry\projekt ppk- algorytm dijkstry\struct.cpp(10): error C2238: nieoczekiwany(e) token(y) poprzedzający(e) ";"
c:\users\maike\source\repos\projekt ppk- algorytm dijkstry\projekt ppk- algorytm dijkstry\struct.cpp(16): error C3646: "nazwa_celu": nieznany specyfikator przesłonięcia
c:\users\maike\source\repos\projekt ppk- algorytm dijkstry\projekt ppk- algorytm dijkstry\struct.cpp(16): error C4430: brak specyfikatora typu - założono, że int. Uwaga: C++ nie obsługuje domyślnie typu int
c:\users\maike\source\repos\projekt ppk- algorytm dijkstry\projekt ppk- algorytm dijkstry\struct.cpp(27): error C2065: "string": niezadeklarowany identyfikator
c:\users\maike\source\repos\projekt ppk- algorytm dijkstry\projekt ppk- algorytm dijkstry\struct.cpp(27): error C2146: błąd składniowy: brakuje „)” przed identyfikatorem „zmienna”
c:\users\maike\source\repos\projekt ppk- algorytm dijkstry\projekt ppk- algorytm dijkstry\struct.cpp(28): error C2143: błąd składniowy: brakuje „;” przed „{”
c:\users\maike\source\repos\projekt ppk- algorytm dijkstry\projekt ppk- algorytm dijkstry\struct.cpp(28): error C2447: "{": brak nagłówka funkcji (stary styl formalnej listy?)
c:\users\maike\source\repos\projekt ppk- algorytm dijkstry\projekt ppk- algorytm dijkstry\struct.cpp(37): error C2065: "string": niezadeklarowany identyfikator
c:\users\maike\source\repos\projekt ppk- algorytm dijkstry\projekt ppk- algorytm dijkstry\struct.cpp(37): error C2146: błąd składniowy: brakuje „)” przed identyfikatorem „zmienna”
c:\users\maike\source\repos\projekt ppk- algorytm dijkstry\projekt ppk- algorytm dijkstry\struct.cpp(38): error C2143: błąd składniowy: brakuje „;” przed „{”
c:\users\maike\source\repos\projekt ppk- algorytm dijkstry\projekt ppk- algorytm dijkstry\struct.cpp(38): error C2447: "{": brak nagłówka funkcji (stary styl formalnej listy?)
c:\users\maike\source\repos\projekt ppk- algorytm dijkstry\projekt ppk- algorytm dijkstry\struct.cpp(50): error C2065: "cout": niezadeklarowany identyfikator
c:\users\maike\source\repos\projekt ppk- algorytm dijkstry\projekt ppk- algorytm dijkstry\struct.cpp(50): error C2065: "endl": niezadeklarowany identyfikator
c:\users\maike\source\repos\projekt ppk- algorytm dijkstry\projekt ppk- algorytm dijkstry\struct.cpp(53): error C2061: błąd składniowy: identyfikator „string”
c:\users\maike\source\repos\projekt ppk- algorytm dijkstry\projekt ppk- algorytm dijkstry\struct.cpp(56): error C2039: „nazwa”: Nie jest składową „Centrala”
  c:\users\maike\source\repos\projekt ppk- algorytm dijkstry\projekt ppk- algorytm dijkstry\struct.cpp(8): note: zobacz deklarację „Centrala”
c:\users\maike\source\repos\projekt ppk- algorytm dijkstry\projekt ppk- algorytm dijkstry\struct.cpp(56): error C2065: "nazwa_centrali": niezadeklarowany identyfikator
c:\users\maike\source\repos\projekt ppk- algorytm dijkstry\projekt ppk- algorytm dijkstry\struct.cpp(57): error C2039: „head_cele”: Nie jest składową „Centrala”
  c:\users\maike\source\repos\projekt ppk- algorytm dijkstry\projekt ppk- algorytm dijkstry\struct.cpp(8): note: zobacz deklarację „Centrala”
c:\users\maike\source\repos\projekt ppk- algorytm dijkstry\projekt ppk- algorytm dijkstry\struct.cpp(64): error C2039: „nazwa”: Nie jest składową „Centrala”
  c:\users\maike\source\repos\projekt ppk- algorytm dijkstry\projekt ppk- algorytm dijkstry\struct.cpp(8): note: zobacz deklarację „Centrala”
c:\users\maike\source\repos\projekt ppk- algorytm dijkstry\projekt ppk- algorytm dijkstry\struct.cpp(73): error C2039: „nazwa”: Nie jest składową „Centrala”
  c:\users\maike\source\repos\projekt ppk- algorytm dijkstry\projekt ppk- algorytm dijkstry\struct.cpp(8): note: zobacz deklarację „Centrala”
c:\users\maike\source\repos\projekt ppk- algorytm dijkstry\projekt ppk- algorytm dijkstry\struct.cpp(90): error C2061: błąd składniowy: identyfikator „string”
c:\users\maike\source\repos\projekt ppk- algorytm dijkstry\projekt ppk- algorytm dijkstry\struct.cpp(94): error C2039: „nazwa”: Nie jest składową „Centrala”
  c:\users\maike\source\repos\projekt ppk- algorytm dijkstry\projekt ppk- algorytm dijkstry\struct.cpp(8): note: zobacz deklarację „Centrala”
c:\users\maike\source\repos\projekt ppk- algorytm dijkstry\projekt ppk- algorytm dijkstry\struct.cpp(94): error C2065: "centrala": niezadeklarowany identyfikator
c:\users\maike\source\repos\projekt ppk- algorytm dijkstry\projekt ppk- algorytm dijkstry\struct.cpp(104): error C2061: błąd składniowy: identyfikator „string”
c:\users\maike\source\repos\projekt ppk- algorytm dijkstry\projekt ppk- algorytm dijkstry\struct.cpp(108): error C2039: „nazwa_celu”: Nie jest składową „Cele”
  c:\users\maike\source\repos\projekt ppk- algorytm dijkstry\projekt ppk- algorytm dijkstry\struct.cpp(15): note: zobacz deklarację „Cele”
c:\users\maike\source\repos\projekt ppk- algorytm dijkstry\projekt ppk- algorytm dijkstry\struct.cpp(108): error C2065: "cel": niezadeklarowany identyfikator
c:\users\maike\source\repos\projekt ppk- algorytm dijkstry\projekt ppk- algorytm dijkstry\struct.cpp(115): error C2061: błąd składniowy: identyfikator „string”
c:\users\maike\source\repos\projekt ppk- algorytm dijkstry\projekt ppk- algorytm dijkstry\struct.cpp(117): error C2065: "string": niezadeklarowany identyfikator
c:\users\maike\source\repos\projekt ppk- algorytm dijkstry\projekt ppk- algorytm dijkstry\struct.cpp(117): error C2146: błąd składniowy: brakuje „;” przed identyfikatorem „centrala”
c:\users\maike\source\repos\projekt ppk- algorytm dijkstry\projekt ppk- algorytm dijkstry\struct.cpp(117): error C2065: "centrala": niezadeklarowany identyfikator
c:\users\maike\source\repos\projekt ppk- algorytm dijkstry\projekt ppk- algorytm dijkstry\struct.cpp(117): error C2065: "cel": niezadeklarowany identyfikator
c:\users\maike\source\repos\projekt ppk- algorytm dijkstry\projekt ppk- algorytm dijkstry\struct.cpp(117): error C2065: "zmienna": niezadeklarowany identyfikator
c:\users\maike\source\repos\projekt ppk- algorytm dijkstry\projekt ppk- algorytm dijkstry\struct.cpp(119): error C2065: "fstream": niezadeklarowany identyfikator
c:\users\maike\source\repos\projekt ppk- algorytm dijkstry\projekt ppk- algorytm dijkstry\struct.cpp(119): error C2146: błąd składniowy: brakuje „;” przed identyfikatorem „plik”
c:\users\maike\source\repos\projekt ppk- algorytm dijkstry\projekt ppk- algorytm dijkstry\struct.cpp(119): error C2065: "plik": niezadeklarowany identyfikator
c:\users\maike\source\repos\projekt ppk- algorytm dijkstry\projekt ppk- algorytm dijkstry\struct.cpp(120): error C2065: "plik": niezadeklarowany identyfikator
c:\users\maike\source\repos\projekt ppk- algorytm dijkstry\projekt ppk- algorytm dijkstry\struct.cpp(120): error C2065: "plik_wejsciowy": niezadeklarowany identyfikator
c:\users\maike\source\repos\projekt ppk- algorytm dijkstry\projekt ppk- algorytm dijkstry\struct.cpp(120): error C2653: "ios": nie jest nazwą klasa lub nazwą przestrzeni nazw
c:\users\maike\source\repos\projekt ppk- algorytm dijkstry\projekt ppk- algorytm dijkstry\struct.cpp(120): error C2065: "in": niezadeklarowany identyfikator
c:\users\maike\source\repos\projekt ppk- algorytm dijkstry\projekt ppk- algorytm dijkstry\struct.cpp(121): error C2065: "plik": niezadeklarowany identyfikator
c:\users\maike\source\repos\projekt ppk- algorytm dijkstry\projekt ppk- algorytm dijkstry\struct.cpp(123): error C2065: "plik": niezadeklarowany identyfikator
c:\users\maike\source\repos\projekt ppk- algorytm dijkstry\projekt ppk- algorytm dijkstry\struct.cpp(125): error C2065: "plik": niezadeklarowany identyfikator
c:\users\maike\source\repos\projekt ppk- algorytm dijkstry\projekt ppk- algorytm dijkstry\struct.cpp(125): error C2065: "centrala": niezadeklarowany identyfikator
c:\users\maike\source\repos\projekt ppk- algorytm dijkstry\projekt ppk- algorytm dijkstry\struct.cpp(125): error C2065: "cel": niezadeklarowany identyfikator
c:\users\maike\source\repos\projekt ppk- algorytm dijkstry\projekt ppk- algorytm dijkstry\struct.cpp(125): error C2065: "zmienna": niezadeklarowany identyfikator
c:\users\maike\source\repos\projekt ppk- algorytm dijkstry\projekt ppk- algorytm dijkstry\struct.cpp(126): error C2065: "zmienna": niezadeklarowany identyfikator
c:\users\maike\source\repos\projekt ppk- algorytm dijkstry\projekt ppk- algorytm dijkstry\struct.cpp(126): error C3861: "sprawdz_czy_liczba": identyfikatora nie odnaleziono
c:\users\maike\source\repos\projekt ppk- algorytm dijkstry\projekt ppk- algorytm dijkstry\struct.cpp(127): error C2065: "zmienna": niezadeklarowany identyfikator
c:\users\maike\source\repos\projekt ppk- algorytm dijkstry\projekt ppk- algorytm dijkstry\struct.cpp(127): error C3861: "konwertujStringNaInt": identyfikatora nie odnaleziono
c:\users\maike\source\repos\projekt ppk- algorytm dijkstry\projekt ppk- algorytm dijkstry\struct.cpp(128): error C2065: "centrala": niezadeklarowany identyfikator
c:\users\maike\source\repos\projekt ppk- algorytm dijkstry\projekt ppk- algorytm dijkstry\struct.cpp(130): error C2065: "centrala": niezadeklarowany identyfikator
c:\users\maike\source\repos\projekt ppk- algorytm dijkstry\projekt ppk- algorytm dijkstry\struct.cpp(131): error C2065: "centrala": niezadeklarowany identyfikator
c:\users\maike\source\repos\projekt ppk- algorytm dijkstry\projekt ppk- algorytm dijkstry\struct.cpp(132): error C2039: „head_cele”: Nie jest składową „Centrala”
  c:\users\maike\source\repos\projekt ppk- algorytm dijkstry\projekt ppk- algorytm dijkstry\struct.cpp(8): note: zobacz deklarację „Centrala”
c:\users\maike\source\repos\projekt ppk- algorytm dijkstry\projekt ppk- algorytm dijkstry\struct.cpp(132): error C2065: "cel": niezadeklarowany identyfikator
c:\users\maike\source\repos\projekt ppk- algorytm dijkstry\projekt ppk- algorytm dijkstry\struct.cpp(132): error C3861: "dodaj_cel": identyfikatora nie odnaleziono
c:\users\maike\source\repos\projekt ppk- algorytm dijkstry\projekt ppk- algorytm dijkstry\struct.cpp(135): error C2039: „head_cele”: Nie jest składową „Centrala”
  c:\users\maike\source\repos\projekt ppk- algorytm dijkstry\projekt ppk- algorytm dijkstry\struct.cpp(8): note: zobacz deklarację „Centrala”
c:\users\maike\source\repos\projekt ppk- algorytm dijkstry\projekt ppk- algorytm dijkstry\struct.cpp(135): error C2065: "cel": niezadeklarowany identyfikator
c:\users\maike\source\repos\projekt ppk- algorytm dijkstry\projekt ppk- algorytm dijkstry\struct.cpp(135): error C2660: "znajdz_cel": funkcja nie przyjmuje 2 argumentów
  c:\users\maike\source\repos\projekt ppk- algorytm dijkstry\projekt ppk- algorytm dijkstry\struct.cpp(104): note: zobacz deklarację „znajdz_cel”
c:\users\maike\source\repos\projekt ppk- algorytm dijkstry\projekt ppk- algorytm dijkstry\struct.cpp(137): error C2065: "cel": niezadeklarowany identyfikator
c:\users\maike\source\repos\projekt ppk- algorytm dijkstry\projekt ppk- algorytm dijkstry\struct.cpp(137): error C3861: "dodaj_cel": identyfikatora nie odnaleziono
c:\users\maike\source\repos\projekt ppk- algorytm dijkstry\projekt ppk- algorytm dijkstry\struct.cpp(143): error C2374: "temp": zmiana definicji; wielokrotna inicjalizacja
  c:\users\maike\source\repos\projekt ppk- algorytm dijkstry\projekt ppk- algorytm dijkstry\struct.cpp(128): note: zobacz deklarację „temp”
c:\users\maike\source\repos\projekt ppk- algorytm dijkstry\projekt ppk- algorytm dijkstry\struct.cpp(143): error C2065: "cel": niezadeklarowany identyfikator
c:\users\maike\source\repos\projekt ppk- algorytm dijkstry\projekt ppk- algorytm dijkstry\struct.cpp(145): error C2065: "cel": niezadeklarowany identyfikator
c:\users\maike\source\repos\projekt ppk- algorytm dijkstry\projekt ppk- algorytm dijkstry\struct.cpp(146): error C2065: "centrala": niezadeklarowany identyfikator
c:\users\maike\source\repos\projekt ppk- algorytm dijkstry\projekt ppk- algorytm dijkstry\struct.cpp(147): error C2039: „head_cele”: Nie jest składową „Centrala”
  c:\users\maike\source\repos\projekt ppk- algorytm dijkstry\projekt ppk- algorytm dijkstry\struct.cpp(8): note: zobacz deklarację „Centrala”
c:\users\maike\source\repos\projekt ppk- algorytm dijkstry\projekt ppk- algorytm dijkstry\struct.cpp(147): error C2065: "centrala": niezadeklarowany identyfikator
c:\users\maike\source\repos\projekt ppk- algorytm dijkstry\projekt ppk- algorytm dijkstry\struct.cpp(147): error C3861: "dodaj_cel": identyfikatora nie odnaleziono
c:\users\maike\source\repos\projekt ppk- algorytm dijkstry\projekt ppk- algorytm dijkstry\struct.cpp(150): error C2039: „head_cele”: Nie jest składową „Centrala”
  c:\users\maike\source\repos\projekt ppk- algorytm dijkstry\projekt ppk- algorytm dijkstry\struct.cpp(8): note: zobacz deklarację „Centrala”
c:\users\maike\source\repos\projekt ppk- algorytm dijkstry\projekt ppk- algorytm dijkstry\struct.cpp(150): error C2065: "centrala": niezadeklarowany identyfikator
c:\users\maike\source\repos\projekt ppk- algorytm dijkstry\projekt ppk- algorytm dijkstry\struct.cpp(150): error C2660: "znajdz_cel": funkcja nie przyjmuje 2 argumentów
  c:\users\maike\source\repos\projekt ppk- algorytm dijkstry\projekt ppk- algorytm dijkstry\struct.cpp(104): note: zobacz deklarację „znajdz_cel”
c:\users\maike\source\repos\projekt ppk- algorytm dijkstry\projekt ppk- algorytm dijkstry\struct.cpp(152): error C2065: "centrala": niezadeklarowany identyfikator
c:\users\maike\source\repos\projekt ppk- algorytm dijkstry\projekt ppk- algorytm dijkstry\struct.cpp(152): error C3861: "dodaj_cel": identyfikatora nie odnaleziono
c:\users\maike\source\repos\projekt ppk- algorytm dijkstry\projekt ppk- algorytm dijkstry\struct.cpp(160): error C2065: "cout": niezadeklarowany identyfikator
c:\users\maike\source\repos\projekt ppk- algorytm dijkstry\projekt ppk- algorytm dijkstry\struct.cpp(160): error C2065: "endl": niezadeklarowany identyfikator
c:\users\maike\source\repos\projekt ppk- algorytm dijkstry\projekt ppk- algorytm dijkstry\struct.cpp(164): error C2065: "cout": niezadeklarowany identyfikator
c:\users\maike\source\repos\projekt ppk- algorytm dijkstry\projekt ppk- algorytm dijkstry\struct.cpp(164): error C2065: "endl": niezadeklarowany identyfikator
c:\users\maike\source\repos\projekt ppk- algorytm dijkstry\projekt ppk- algorytm dijkstry\struct.cpp(165): error C2065: "plik": niezadeklarowany identyfikator
c:\users\maike\source\repos\projekt ppk- algorytm dijkstry\projekt ppk- algorytm dijkstry\struct.cpp(168): error C4430: brak specyfikatora typu - założono, że int. Uwaga: C++ nie obsługuje domyślnie typu int
c:\users\maike\source\repos\projekt ppk- algorytm dijkstry\projekt ppk- algorytm dijkstry\struct.cpp(168): error C2146: błąd składniowy: brakuje „)” przed identyfikatorem „cel”
c:\users\maike\source\repos\projekt ppk- algorytm dijkstry\projekt ppk- algorytm dijkstry\struct.cpp(168): error C3646: "cel": nieznany specyfikator przesłonięcia
c:\users\maike\source\repos\projekt ppk- algorytm dijkstry\projekt ppk- algorytm dijkstry\struct.cpp(168): error C2062: nieoczekiwany typ "int"
c:\users\maike\source\repos\projekt ppk- algorytm dijkstry\projekt ppk- algorytm dijkstry\struct.cpp(168): error C2059: błąd składniowy: „)”
c:\users\maike\source\repos\projekt ppk- algorytm dijkstry\projekt ppk- algorytm dijkstry\struct.cpp(169): error C2143: błąd składniowy: brakuje „;” przed „{”
c:\users\maike\source\repos\projekt ppk- algorytm dijkstry\projekt ppk- algorytm dijkstry\struct.cpp(169): error C2447: "{": brak nagłówka funkcji (stary styl formalnej listy?)
c:\users\maike\source\repos\projekt ppk- algorytm dijkstry\projekt ppk- algorytm dijkstry\struct.cpp(189): error C2039: „head_cele”: Nie jest składową „Centrala”
  c:\users\maike\source\repos\projekt ppk- algorytm dijkstry\projekt ppk- algorytm dijkstry\struct.cpp(8): note: zobacz deklarację „Centrala”
c:\users\maike\source\repos\projekt ppk- algorytm dijkstry\projekt ppk- algorytm dijkstry\struct.cpp(191): error C2039: „head_cele”: Nie jest składową „Centrala”
  c:\users\maike\source\repos\projekt ppk- algorytm dijkstry\projekt ppk- algorytm dijkstry\struct.cpp(8): note: zobacz deklarację „Centrala”
c:\users\maike\source\repos\projekt ppk- algorytm dijkstry\projekt ppk- algorytm dijkstry\struct.cpp(193): error C2039: „head_cele”: Nie jest składową „Centrala”
  c:\users\maike\source\repos\projekt ppk- algorytm dijkstry\projekt ppk- algorytm dijkstry\struct.cpp(8): note: zobacz deklarację „Centrala”
c:\users\maike\source\repos\projekt ppk- algorytm dijkstry\projekt ppk- algorytm dijkstry\struct.cpp(200): error C2061: błąd składniowy: identyfikator „string”
c:\users\maike\source\repos\projekt ppk- algorytm dijkstry\projekt ppk- algorytm dijkstry\struct.cpp(202): error C3861: "policz_wierzcholki": identyfikatora nie odnaleziono
c:\users\maike\source\repos\projekt ppk- algorytm dijkstry\projekt ppk- algorytm dijkstry\struct.cpp(203): error C2065: "string": niezadeklarowany identyfikator
c:\users\maike\source\repos\projekt ppk- algorytm dijkstry\projekt ppk- algorytm dijkstry\struct.cpp(203): error C2065: "tablica_wierzcholkow": niezadeklarowany identyfikator
c:\users\maike\source\repos\projekt ppk- algorytm dijkstry\projekt ppk- algorytm dijkstry\struct.cpp(203): error C2061: błąd składniowy: identyfikator „string”
c:\users\maike\source\repos\projekt ppk- algorytm dijkstry\projekt ppk- algorytm dijkstry\struct.cpp(205): error C2065: "tablica_wierzcholkow": niezadeklarowany identyfikator
c:\users\maike\source\repos\projekt ppk- algorytm dijkstry\projekt ppk- algorytm dijkstry\struct.cpp(205): error C2039: „nazwa”: Nie jest składową „Centrala”
  c:\users\maike\source\repos\projekt ppk- algorytm dijkstry\projekt ppk- algorytm dijkstry\struct.cpp(8): note: zobacz deklarację „Centrala”
c:\users\maike\source\repos\projekt ppk- algorytm dijkstry\projekt ppk- algorytm dijkstry\struct.cpp(208): error C2065: "start": niezadeklarowany identyfikator
c:\users\maike\source\repos\projekt ppk- algorytm dijkstry\projekt ppk- algorytm dijkstry\struct.cpp(208): error C2065: "tablica_wierzcholkow": niezadeklarowany identyfikator
c:\users\maike\source\repos\projekt ppk- algorytm dijkstry\projekt ppk- algorytm dijkstry\struct.cpp(218): error C2039: „head_cele”: Nie jest składową „Centrala”
  c:\users\maike\source\repos\projekt ppk- algorytm dijkstry\projekt ppk- algorytm dijkstry\struct.cpp(8): note: zobacz deklarację „Centrala”
c:\users\maike\source\repos\projekt ppk- algorytm dijkstry\projekt ppk- algorytm dijkstry\struct.cpp(218): error C2065: "tablica_wierzcholkow": niezadeklarowany identyfikator
c:\users\maike\source\repos\projekt ppk- algorytm dijkstry\projekt ppk- algorytm dijkstry\struct.cpp(219): error C2039: „head_cele”: Nie jest składową „Centrala”
  c:\users\maike\source\repos\projekt ppk- algorytm dijkstry\projekt ppk- algorytm dijkstry\struct.cpp(8): note: zobacz deklarację „Centrala”
c:\users\maike\source\repos\projekt ppk- algorytm dijkstry\projekt ppk- algorytm dijkstry\struct.cpp(222): error C2039: „head_cele”: Nie jest składową „Centrala”
  c:\users\maike\source\repos\projekt ppk- algorytm dijkstry\projekt ppk- algorytm dijkstry\struct.cpp(8): note: zobacz deklarację „Centrala”
c:\users\maike\source\repos\projekt ppk- algorytm dijkstry\projekt ppk- algorytm dijkstry\struct.cpp(232): error C3861: "szukaj_minimum": identyfikatora nie odnaleziono
c:\users\maike\source\repos\projekt ppk- algorytm dijkstry\projekt ppk- algorytm dijkstry\struct.cpp(241): error C3861: "szukaj_minimum": identyfikatora nie odnaleziono
c:\users\maike\source\repos\projekt ppk- algorytm dijkstry\projekt ppk- algorytm dijkstry\struct.cpp(241): fatal error C1003: Licznik błędów przekracza 100; zatrzymywanie kompilacji
  Struct.cpp
c:\users\maike\source\repos\projekt ppk- algorytm dijkstry\projekt ppk- algorytm dijkstry\struct.cpp(9): error C3646: "nazwa": nieznany specyfikator przesłonięcia
c:\users\maike\source\repos\projekt ppk- algorytm dijkstry\projekt ppk- algorytm dijkstry\struct.cpp(9): error C4430: brak specyfikatora typu - założono, że int. Uwaga: C++ nie obsługuje domyślnie typu int
c:\users\maike\source\repos\projekt ppk- algorytm dijkstry\projekt ppk- algorytm dijkstry\struct.cpp(10): error C2143: błąd składniowy: brakuje „;” przed „*”
c:\users\maike\source\repos\projekt ppk- algorytm dijkstry\projekt ppk- algorytm dijkstry\struct.cpp(10): error C4430: brak specyfikatora typu - założono, że int. Uwaga: C++ nie obsługuje domyślnie typu int
c:\users\maike\source\repos\projekt ppk- algorytm dijkstry\projekt ppk- algorytm dijkstry\struct.cpp(10): error C2238: nieoczekiwany(e) token(y) poprzedzający(e) ";"
c:\users\maike\source\repos\projekt ppk- algorytm dijkstry\projekt ppk- algorytm dijkstry\struct.cpp(16): error C3646: "nazwa_celu": nieznany specyfikator przesłonięcia
c:\users\maike\source\repos\projekt ppk- algorytm dijkstry\projekt ppk- algorytm dijkstry\struct.cpp(16): error C4430: brak specyfikatora typu - założono, że int. Uwaga: C++ nie obsługuje domyślnie typu int
c:\users\maike\source\repos\projekt ppk- algorytm dijkstry\projekt ppk- algorytm dijkstry\struct.cpp(27): error C2065: "string": niezadeklarowany identyfikator
c:\users\maike\source\repos\projekt ppk- algorytm dijkstry\projekt ppk- algorytm dijkstry\struct.cpp(27): error C2146: błąd składniowy: brakuje „)” przed identyfikatorem „zmienna”
c:\users\maike\source\repos\projekt ppk- algorytm dijkstry\projekt ppk- algorytm dijkstry\struct.cpp(28): error C2143: błąd składniowy: brakuje „;” przed „{”
c:\users\maike\source\repos\projekt ppk- algorytm dijkstry\projekt ppk- algorytm dijkstry\struct.cpp(28): error C2447: "{": brak nagłówka funkcji (stary styl formalnej listy?)
c:\users\maike\source\repos\projekt ppk- algorytm dijkstry\projekt ppk- algorytm dijkstry\struct.cpp(37): error C2065: "string": niezadeklarowany identyfikator
c:\users\maike\source\repos\projekt ppk- algorytm dijkstry\projekt ppk- algorytm dijkstry\struct.cpp(37): error C2146: błąd składniowy: brakuje „)” przed identyfikatorem „zmienna”
c:\users\maike\source\repos\projekt ppk- algorytm dijkstry\projekt ppk- algorytm dijkstry\struct.cpp(38): error C2143: błąd składniowy: brakuje „;” przed „{”
c:\users\maike\source\repos\projekt ppk- algorytm dijkstry\projekt ppk- algorytm dijkstry\struct.cpp(38): error C2447: "{": brak nagłówka funkcji (stary styl formalnej listy?)
c:\users\maike\source\repos\projekt ppk- algorytm dijkstry\projekt ppk- algorytm dijkstry\struct.cpp(50): error C2065: "cout": niezadeklarowany identyfikator
c:\users\maike\source\repos\projekt ppk- algorytm dijkstry\projekt ppk- algorytm dijkstry\struct.cpp(50): error C2065: "endl": niezadeklarowany identyfikator
c:\users\maike\source\repos\projekt ppk- algorytm dijkstry\projekt ppk- algorytm dijkstry\struct.cpp(53): error C2061: błąd składniowy: identyfikator „string”
c:\users\maike\source\repos\projekt ppk- algorytm dijkstry\projekt ppk- algorytm dijkstry\struct.cpp(56): error C2039: „nazwa”: Nie jest składową „Centrala”
  c:\users\maike\source\repos\projekt ppk- algorytm dijkstry\projekt ppk- algorytm dijkstry\struct.cpp(8): note: zobacz deklarację „Centrala”
c:\users\maike\source\repos\projekt ppk- algorytm dijkstry\projekt ppk- algorytm dijkstry\struct.cpp(56): error C2065: "nazwa_centrali": niezadeklarowany identyfikator
c:\users\maike\source\repos\projekt ppk- algorytm dijkstry\projekt ppk- algorytm dijkstry\struct.cpp(57): error C2039: „head_cele”: Nie jest składową „Centrala”
  c:\users\maike\source\repos\projekt ppk- algorytm dijkstry\projekt ppk- algorytm dijkstry\struct.cpp(8): note: zobacz deklarację „Centrala”
c:\users\maike\source\repos\projekt ppk- algorytm dijkstry\projekt ppk- algorytm dijkstry\struct.cpp(64): error C2039: „nazwa”: Nie jest składową „Centrala”
  c:\users\maike\source\repos\projekt ppk- algorytm dijkstry\projekt ppk- algorytm dijkstry\struct.cpp(8): note: zobacz deklarację „Centrala”
c:\users\maike\source\repos\projekt ppk- algorytm dijkstry\projekt ppk- algorytm dijkstry\struct.cpp(73): error C2039: „nazwa”: Nie jest składową „Centrala”
  c:\users\maike\source\repos\projekt ppk- algorytm dijkstry\projekt ppk- algorytm dijkstry\struct.cpp(8): note: zobacz deklarację „Centrala”
c:\users\maike\source\repos\projekt ppk- algorytm dijkstry\projekt ppk- algorytm dijkstry\struct.cpp(90): error C2061: błąd składniowy: identyfikator „string”
c:\users\maike\source\repos\projekt ppk- algorytm dijkstry\projekt ppk- algorytm dijkstry\struct.cpp(94): error C2039: „nazwa”: Nie jest składową „Centrala”
  c:\users\maike\source\repos\projekt ppk- algorytm dijkstry\projekt ppk- algorytm dijkstry\struct.cpp(8): note: zobacz deklarację „Centrala”
c:\users\maike\source\repos\projekt ppk- algorytm dijkstry\projekt ppk- algorytm dijkstry\struct.cpp(94): error C2065: "centrala": niezadeklarowany identyfikator
c:\users\maike\source\repos\projekt ppk- algorytm dijkstry\projekt ppk- algorytm dijkstry\struct.cpp(104): error C2061: błąd składniowy: identyfikator „string”
c:\users\maike\source\repos\projekt ppk- algorytm dijkstry\projekt ppk- algorytm dijkstry\struct.cpp(108): error C2039: „nazwa_celu”: Nie jest składową „Cele”
  c:\users\maike\source\repos\projekt ppk- algorytm dijkstry\projekt ppk- algorytm dijkstry\struct.cpp(15): note: zobacz deklarację „Cele”
c:\users\maike\source\repos\projekt ppk- algorytm dijkstry\projekt ppk- algorytm dijkstry\struct.cpp(108): error C2065: "cel": niezadeklarowany identyfikator
c:\users\maike\source\repos\projekt ppk- algorytm dijkstry\projekt ppk- algorytm dijkstry\struct.cpp(115): error C2061: błąd składniowy: identyfikator „string”
c:\users\maike\source\repos\projekt ppk- algorytm dijkstry\projekt ppk- algorytm dijkstry\struct.cpp(117): error C2065: "string": niezadeklarowany identyfikator
c:\users\maike\source\repos\projekt ppk- algorytm dijkstry\projekt ppk- algorytm dijkstry\struct.cpp(117): error C2146: błąd składniowy: brakuje „;” przed identyfikatorem „centrala”
c:\users\maike\source\repos\projekt ppk- algorytm dijkstry\projekt ppk- algorytm dijkstry\struct.cpp(117): error C2065: "centrala": niezadeklarowany identyfikator
c:\users\maike\source\repos\projekt ppk- algorytm dijkstry\projekt ppk- algorytm dijkstry\struct.cpp(117): error C2065: "cel": niezadeklarowany identyfikator
c:\users\maike\source\repos\projekt ppk- algorytm dijkstry\projekt ppk- algorytm dijkstry\struct.cpp(117): error C2065: "zmienna": niezadeklarowany identyfikator
c:\users\maike\source\repos\projekt ppk- algorytm dijkstry\projekt ppk- algorytm dijkstry\struct.cpp(119): error C2065: "fstream": niezadeklarowany identyfikator
c:\users\maike\source\repos\projekt ppk- algorytm dijkstry\projekt ppk- algorytm dijkstry\struct.cpp(119): error C2146: błąd składniowy: brakuje „;” przed identyfikatorem „plik”
c:\users\maike\source\repos\projekt ppk- algorytm dijkstry\projekt ppk- algorytm dijkstry\struct.cpp(119): error C2065: "plik": niezadeklarowany identyfikator
c:\users\maike\source\repos\projekt ppk- algorytm dijkstry\projekt ppk- algorytm dijkstry\struct.cpp(120): error C2065: "plik": niezadeklarowany identyfikator
c:\users\maike\source\repos\projekt ppk- algorytm dijkstry\projekt ppk- algorytm dijkstry\struct.cpp(120): error C2065: "plik_wejsciowy": niezadeklarowany identyfikator
c:\users\maike\source\repos\projekt ppk- algorytm dijkstry\projekt ppk- algorytm dijkstry\struct.cpp(120): error C2653: "ios": nie jest nazwą klasa lub nazwą przestrzeni nazw
c:\users\maike\source\repos\projekt ppk- algorytm dijkstry\projekt ppk- algorytm dijkstry\struct.cpp(120): error C2065: "in": niezadeklarowany identyfikator
c:\users\maike\source\repos\projekt ppk- algorytm dijkstry\projekt ppk- algorytm dijkstry\struct.cpp(121): error C2065: "plik": niezadeklarowany identyfikator
c:\users\maike\source\repos\projekt ppk- algorytm dijkstry\projekt ppk- algorytm dijkstry\struct.cpp(123): error C2065: "plik": niezadeklarowany identyfikator
c:\users\maike\source\repos\projekt ppk- algorytm dijkstry\projekt ppk- algorytm dijkstry\struct.cpp(125): error C2065: "plik": niezadeklarowany identyfikator
c:\users\maike\source\repos\projekt ppk- algorytm dijkstry\projekt ppk- algorytm dijkstry\struct.cpp(125): error C2065: "centrala": niezadeklarowany identyfikator
c:\users\maike\source\repos\projekt ppk- algorytm dijkstry\projekt ppk- algorytm dijkstry\struct.cpp(125): error C2065: "cel": niezadeklarowany identyfikator
c:\users\maike\source\repos\projekt ppk- algorytm dijkstry\projekt ppk- algorytm dijkstry\struct.cpp(125): error C2065: "zmienna": niezadeklarowany identyfikator
c:\users\maike\source\repos\projekt ppk- algorytm dijkstry\projekt ppk- algorytm dijkstry\struct.cpp(126): error C2065: "zmienna": niezadeklarowany identyfikator
c:\users\maike\source\repos\projekt ppk- algorytm dijkstry\projekt ppk- algorytm dijkstry\struct.cpp(126): error C3861: "sprawdz_czy_liczba": identyfikatora nie odnaleziono
c:\users\maike\source\repos\projekt ppk- algorytm dijkstry\projekt ppk- algorytm dijkstry\struct.cpp(127): error C2065: "zmienna": niezadeklarowany identyfikator
c:\users\maike\source\repos\projekt ppk- algorytm dijkstry\projekt ppk- algorytm dijkstry\struct.cpp(127): error C3861: "konwertujStringNaInt": identyfikatora nie odnaleziono
c:\users\maike\source\repos\projekt ppk- algorytm dijkstry\projekt ppk- algorytm dijkstry\struct.cpp(128): error C2065: "centrala": niezadeklarowany identyfikator
c:\users\maike\source\repos\projekt ppk- algorytm dijkstry\projekt ppk- algorytm dijkstry\struct.cpp(130): error C2065: "centrala": niezadeklarowany identyfikator
c:\users\maike\source\repos\projekt ppk- algorytm dijkstry\projekt ppk- algorytm dijkstry\struct.cpp(131): error C2065: "centrala": niezadeklarowany identyfikator
c:\users\maike\source\repos\projekt ppk- algorytm dijkstry\projekt ppk- algorytm dijkstry\struct.cpp(132): error C2039: „head_cele”: Nie jest składową „Centrala”
  c:\users\maike\source\repos\projekt ppk- algorytm dijkstry\projekt ppk- algorytm dijkstry\struct.cpp(8): note: zobacz deklarację „Centrala”
c:\users\maike\source\repos\projekt ppk- algorytm dijkstry\projekt ppk- algorytm dijkstry\struct.cpp(132): error C2065: "cel": niezadeklarowany identyfikator
c:\users\maike\source\repos\projekt ppk- algorytm dijkstry\projekt ppk- algorytm dijkstry\struct.cpp(132): error C3861: "dodaj_cel": identyfikatora nie odnaleziono
c:\users\maike\source\repos\projekt ppk- algorytm dijkstry\projekt ppk- algorytm dijkstry\struct.cpp(135): error C2039: „head_cele”: Nie jest składową „Centrala”
  c:\users\maike\source\repos\projekt ppk- algorytm dijkstry\projekt ppk- algorytm dijkstry\struct.cpp(8): note: zobacz deklarację „Centrala”
c:\users\maike\source\repos\projekt ppk- algorytm dijkstry\projekt ppk- algorytm dijkstry\struct.cpp(135): error C2065: "cel": niezadeklarowany identyfikator
c:\users\maike\source\repos\projekt ppk- algorytm dijkstry\projekt ppk- algorytm dijkstry\struct.cpp(135): error C2660: "znajdz_cel": funkcja nie przyjmuje 2 argumentów
  c:\users\maike\source\repos\projekt ppk- algorytm dijkstry\projekt ppk- algorytm dijkstry\struct.cpp(104): note: zobacz deklarację „znajdz_cel”
c:\users\maike\source\repos\projekt ppk- algorytm dijkstry\projekt ppk- algorytm dijkstry\struct.cpp(137): error C2065: "cel": niezadeklarowany identyfikator
c:\users\maike\source\repos\projekt ppk- algorytm dijkstry\projekt ppk- algorytm dijkstry\struct.cpp(137): error C3861: "dodaj_cel": identyfikatora nie odnaleziono
c:\users\maike\source\repos\projekt ppk- algorytm dijkstry\projekt ppk- algorytm dijkstry\struct.cpp(143): error C2374: "temp": zmiana definicji; wielokrotna inicjalizacja
  c:\users\maike\source\repos\projekt ppk- algorytm dijkstry\projekt ppk- algorytm dijkstry\struct.cpp(128): note: zobacz deklarację „temp”
c:\users\maike\source\repos\projekt ppk- algorytm dijkstry\projekt ppk- algorytm dijkstry\struct.cpp(143): error C2065: "cel": niezadeklarowany identyfikator
c:\users\maike\source\repos\projekt ppk- algorytm dijkstry\projekt ppk- algorytm dijkstry\struct.cpp(145): error C2065: "cel": niezadeklarowany identyfikator
c:\users\maike\source\repos\projekt ppk- algorytm dijkstry\projekt ppk- algorytm dijkstry\struct.cpp(146): error C2065: "centrala": niezadeklarowany identyfikator
c:\users\maike\source\repos\projekt ppk- algorytm dijkstry\projekt ppk- algorytm dijkstry\struct.cpp(147): error C2039: „head_cele”: Nie jest składową „Centrala”
  c:\users\maike\source\repos\projekt ppk- algorytm dijkstry\projekt ppk- algorytm dijkstry\struct.cpp(8): note: zobacz deklarację „Centrala”
c:\users\maike\source\repos\projekt ppk- algorytm dijkstry\projekt ppk- algorytm dijkstry\struct.cpp(147): error C2065: "centrala": niezadeklarowany identyfikator
c:\users\maike\source\repos\projekt ppk- algorytm dijkstry\projekt ppk- algorytm dijkstry\struct.cpp(147): error C3861: "dodaj_cel": identyfikatora nie odnaleziono
c:\users\maike\source\repos\projekt ppk- algorytm dijkstry\projekt ppk- algorytm dijkstry\struct.cpp(150): error C2039: „head_cele”: Nie jest składową „Centrala”
  c:\users\maike\source\repos\projekt ppk- algorytm dijkstry\projekt ppk- algorytm dijkstry\struct.cpp(8): note: zobacz deklarację „Centrala”
c:\users\maike\source\repos\projekt ppk- algorytm dijkstry\projekt ppk- algorytm dijkstry\struct.cpp(150): error C2065: "centrala": niezadeklarowany identyfikator
c:\users\maike\source\repos\projekt ppk- algorytm dijkstry\projekt ppk- algorytm dijkstry\struct.cpp(150): error C2660: "znajdz_cel": funkcja nie przyjmuje 2 argumentów
  c:\users\maike\source\repos\projekt ppk- algorytm dijkstry\projekt ppk- algorytm dijkstry\struct.cpp(104): note: zobacz deklarację „znajdz_cel”
c:\users\maike\source\repos\projekt ppk- algorytm dijkstry\projekt ppk- algorytm dijkstry\struct.cpp(152): error C2065: "centrala": niezadeklarowany identyfikator
c:\users\maike\source\repos\projekt ppk- algorytm dijkstry\projekt ppk- algorytm dijkstry\struct.cpp(152): error C3861: "dodaj_cel": identyfikatora nie odnaleziono
c:\users\maike\source\repos\projekt ppk- algorytm dijkstry\projekt ppk- algorytm dijkstry\struct.cpp(160): error C2065: "cout": niezadeklarowany identyfikator
c:\users\maike\source\repos\projekt ppk- algorytm dijkstry\projekt ppk- algorytm dijkstry\struct.cpp(160): error C2065: "endl": niezadeklarowany identyfikator
c:\users\maike\source\repos\projekt ppk- algorytm dijkstry\projekt ppk- algorytm dijkstry\struct.cpp(164): error C2065: "cout": niezadeklarowany identyfikator
c:\users\maike\source\repos\projekt ppk- algorytm dijkstry\projekt ppk- algorytm dijkstry\struct.cpp(164): error C2065: "endl": niezadeklarowany identyfikator
c:\users\maike\source\repos\projekt ppk- algorytm dijkstry\projekt ppk- algorytm dijkstry\struct.cpp(165): error C2065: "plik": niezadeklarowany identyfikator
c:\users\maike\source\repos\projekt ppk- algorytm dijkstry\projekt ppk- algorytm dijkstry\struct.cpp(168): error C4430: brak specyfikatora typu - założono, że int. Uwaga: C++ nie obsługuje domyślnie typu int
c:\users\maike\source\repos\projekt ppk- algorytm dijkstry\projekt ppk- algorytm dijkstry\struct.cpp(168): error C2146: błąd składniowy: brakuje „)” przed identyfikatorem „cel”
c:\users\maike\source\repos\projekt ppk- algorytm dijkstry\projekt ppk- algorytm dijkstry\struct.cpp(168): error C3646: "cel": nieznany specyfikator przesłonięcia
c:\users\maike\source\repos\projekt ppk- algorytm dijkstry\projekt ppk- algorytm dijkstry\struct.cpp(168): error C2062: nieoczekiwany typ "int"
c:\users\maike\source\repos\projekt ppk- algorytm dijkstry\projekt ppk- algorytm dijkstry\struct.cpp(168): error C2059: błąd składniowy: „)”
c:\users\maike\source\repos\projekt ppk- algorytm dijkstry\projekt ppk- algorytm dijkstry\struct.cpp(169): error C2143: błąd składniowy: brakuje „;” przed „{”
c:\users\maike\source\repos\projekt ppk- algorytm dijkstry\projekt ppk- algorytm dijkstry\struct.cpp(169): error C2447: "{": brak nagłówka funkcji (stary styl formalnej listy?)
c:\users\maike\source\repos\projekt ppk- algorytm dijkstry\projekt ppk- algorytm dijkstry\struct.cpp(189): error C2039: „head_cele”: Nie jest składową „Centrala”
  c:\users\maike\source\repos\projekt ppk- algorytm dijkstry\projekt ppk- algorytm dijkstry\struct.cpp(8): note: zobacz deklarację „Centrala”
c:\users\maike\source\repos\projekt ppk- algorytm dijkstry\projekt ppk- algorytm dijkstry\struct.cpp(191): error C2039: „head_cele”: Nie jest składową „Centrala”
  c:\users\maike\source\repos\projekt ppk- algorytm dijkstry\projekt ppk- algorytm dijkstry\struct.cpp(8): note: zobacz deklarację „Centrala”
c:\users\maike\source\repos\projekt ppk- algorytm dijkstry\projekt ppk- algorytm dijkstry\struct.cpp(193): error C2039: „head_cele”: Nie jest składową „Centrala”
  c:\users\maike\source\repos\projekt ppk- algorytm dijkstry\projekt ppk- algorytm dijkstry\struct.cpp(8): note: zobacz deklarację „Centrala”
c:\users\maike\source\repos\projekt ppk- algorytm dijkstry\projekt ppk- algorytm dijkstry\struct.cpp(200): error C2061: błąd składniowy: identyfikator „string”
c:\users\maike\source\repos\projekt ppk- algorytm dijkstry\projekt ppk- algorytm dijkstry\struct.cpp(202): error C3861: "policz_wierzcholki": identyfikatora nie odnaleziono
c:\users\maike\source\repos\projekt ppk- algorytm dijkstry\projekt ppk- algorytm dijkstry\struct.cpp(203): error C2065: "string": niezadeklarowany identyfikator
c:\users\maike\source\repos\projekt ppk- algorytm dijkstry\projekt ppk- algorytm dijkstry\struct.cpp(203): error C2065: "tablica_wierzcholkow": niezadeklarowany identyfikator
c:\users\maike\source\repos\projekt ppk- algorytm dijkstry\projekt ppk- algorytm dijkstry\struct.cpp(203): error C2061: błąd składniowy: identyfikator „string”
c:\users\maike\source\repos\projekt ppk- algorytm dijkstry\projekt ppk- algorytm dijkstry\struct.cpp(205): error C2065: "tablica_wierzcholkow": niezadeklarowany identyfikator
c:\users\maike\source\repos\projekt ppk- algorytm dijkstry\projekt ppk- algorytm dijkstry\struct.cpp(205): error C2039: „nazwa”: Nie jest składową „Centrala”
  c:\users\maike\source\repos\projekt ppk- algorytm dijkstry\projekt ppk- algorytm dijkstry\struct.cpp(8): note: zobacz deklarację „Centrala”
c:\users\maike\source\repos\projekt ppk- algorytm dijkstry\projekt ppk- algorytm dijkstry\struct.cpp(208): error C2065: "start": niezadeklarowany identyfikator
c:\users\maike\source\repos\projekt ppk- algorytm dijkstry\projekt ppk- algorytm dijkstry\struct.cpp(208): error C2065: "tablica_wierzcholkow": niezadeklarowany identyfikator
c:\users\maike\source\repos\projekt ppk- algorytm dijkstry\projekt ppk- algorytm dijkstry\struct.cpp(218): error C2039: „head_cele”: Nie jest składową „Centrala”
  c:\users\maike\source\repos\projekt ppk- algorytm dijkstry\projekt ppk- algorytm dijkstry\struct.cpp(8): note: zobacz deklarację „Centrala”
c:\users\maike\source\repos\projekt ppk- algorytm dijkstry\projekt ppk- algorytm dijkstry\struct.cpp(218): error C2065: "tablica_wierzcholkow": niezadeklarowany identyfikator
c:\users\maike\source\repos\projekt ppk- algorytm dijkstry\projekt ppk- algorytm dijkstry\struct.cpp(219): error C2039: „head_cele”: Nie jest składową „Centrala”
  c:\users\maike\source\repos\projekt ppk- algorytm dijkstry\projekt ppk- algorytm dijkstry\struct.cpp(8): note: zobacz deklarację „Centrala”
c:\users\maike\source\repos\projekt ppk- algorytm dijkstry\projekt ppk- algorytm dijkstry\struct.cpp(222): error C2039: „head_cele”: Nie jest składową „Centrala”
  c:\users\maike\source\repos\projekt ppk- algorytm dijkstry\projekt ppk- algorytm dijkstry\struct.cpp(8): note: zobacz deklarację „Centrala”
c:\users\maike\source\repos\projekt ppk- algorytm dijkstry\projekt ppk- algorytm dijkstry\struct.cpp(232): error C3861: "szukaj_minimum": identyfikatora nie odnaleziono
c:\users\maike\source\repos\projekt ppk- algorytm dijkstry\projekt ppk- algorytm dijkstry\struct.cpp(241): error C3861: "szukaj_minimum": identyfikatora nie odnaleziono
c:\users\maike\source\repos\projekt ppk- algorytm dijkstry\projekt ppk- algorytm dijkstry\struct.cpp(241): fatal error C1003: Licznik błędów przekracza 100; zatrzymywanie kompilacji
  Generowanie kodu...
