  Źródło.c
c:\users\maike\source\repos\project12\project12\źródło.c(3): warning C4067: nieoczekiwane tokeny występujące po dyrektywie preprocesora - oczekiwano nowego wiersza
c:\users\maike\source\repos\project12\project12\źródło.c(15): error C2061: błąd składniowy: identyfikator „dane”
c:\users\maike\source\repos\project12\project12\źródło.c(16): error C2143: błąd składniowy: brakuje „{” przed „*”
c:\users\maike\source\repos\project12\project12\źródło.c(17): error C2143: błąd składniowy: brakuje „{” przed „*”
c:\users\maike\source\repos\project12\project12\źródło.c(18): error C2059: błąd składniowy: „}”
c:\users\maike\source\repos\project12\project12\źródło.c(19): error C2143: błąd składniowy: brakuje „{” przed „*”
c:\users\maike\source\repos\project12\project12\źródło.c(21): error C2143: błąd składniowy: brakuje „)” przed „*”
c:\users\maike\source\repos\project12\project12\źródło.c(21): error C2143: błąd składniowy: brakuje „{” przed „*”
c:\users\maike\source\repos\project12\project12\źródło.c(21): error C2059: błąd składniowy: „typ”
c:\users\maike\source\repos\project12\project12\źródło.c(21): error C2059: błąd składniowy: „)”
c:\users\maike\source\repos\project12\project12\źródło.c(30): error C2143: błąd składniowy: brakuje „{” przed „*”
c:\users\maike\source\repos\project12\project12\źródło.c(30): error C2143: błąd składniowy: brakuje „)” przed „*”
c:\users\maike\source\repos\project12\project12\źródło.c(30): error C2059: błąd składniowy: „typ”
c:\users\maike\source\repos\project12\project12\źródło.c(30): error C2059: błąd składniowy: „)”
c:\users\maike\source\repos\project12\project12\źródło.c(42): error C2143: błąd składniowy: brakuje „)” przed „*”
c:\users\maike\source\repos\project12\project12\źródło.c(42): error C2143: błąd składniowy: brakuje „{” przed „*”
c:\users\maike\source\repos\project12\project12\źródło.c(42): error C2059: błąd składniowy: „typ”
c:\users\maike\source\repos\project12\project12\źródło.c(42): error C2059: błąd składniowy: „)”
c:\users\maike\source\repos\project12\project12\źródło.c(103): error C2143: błąd składniowy: brakuje „)” przed „*”
c:\users\maike\source\repos\project12\project12\źródło.c(103): error C2143: błąd składniowy: brakuje „{” przed „*”
c:\users\maike\source\repos\project12\project12\źródło.c(103): error C2059: błąd składniowy: „)”
c:\users\maike\source\repos\project12\project12\źródło.c(104): error C2054: oczekiwano "(" postępuj zgodnie z "head"
c:\users\maike\source\repos\project12\project12\źródło.c(107): error C2143: błąd składniowy: brakuje „)” przed „*”
c:\users\maike\source\repos\project12\project12\źródło.c(107): error C2143: błąd składniowy: brakuje „{” przed „*”
c:\users\maike\source\repos\project12\project12\źródło.c(107): error C2059: błąd składniowy: „typ”
c:\users\maike\source\repos\project12\project12\źródło.c(107): error C2059: błąd składniowy: „)”
c:\users\maike\source\repos\project12\project12\źródło.c(167): warning C4013: niezdefiniowany "calloc"; przy założeniu, że extern zwraca int
c:\users\maike\source\repos\project12\project12\źródło.c(173): warning C4013: niezdefiniowany "malloc"; przy założeniu, że extern zwraca int
c:\users\maike\source\repos\project12\project12\źródło.c(175): warning C4013: niezdefiniowany "dodaj_do_drzewa"; przy założeniu, że extern zwraca int
c:\users\maike\source\repos\project12\project12\źródło.c(176): warning C4013: niezdefiniowany "kompresja"; przy założeniu, że extern zwraca int
c:\users\maike\source\repos\project12\project12\źródło.c(177): warning C4013: niezdefiniowany "usun_drzewo"; przy założeniu, że extern zwraca int
c:\users\maike\source\repos\project12\project12\źródło.c(179): warning C4013: niezdefiniowany "system"; przy założeniu, że extern zwraca int
c:\users\maike\source\repos\project12\project12\źródło.c(167): warning C4047: "inicjowanie": "char *" różni się w poziomach operatorów pośrednich od "int"
c:\users\maike\source\repos\project12\project12\źródło.c(169): warning C4047: "inicjowanie": "char *" różni się w poziomach operatorów pośrednich od "int"
c:\users\maike\source\repos\project12\project12\źródło.c(170): error C4996: 'strcat': This function or variable may be unsafe. Consider using strcat_s instead. To disable deprecation, use _CRT_SECURE_NO_WARNINGS. See online help for details.
  c:\program files (x86)\windows kits\10\include\10.0.17134.0\ucrt\string.h(90): note: zobacz deklarację „strcat”
c:\users\maike\source\repos\project12\project12\źródło.c(171): error C4996: 'strcat': This function or variable may be unsafe. Consider using strcat_s instead. To disable deprecation, use _CRT_SECURE_NO_WARNINGS. See online help for details.
  c:\program files (x86)\windows kits\10\include\10.0.17134.0\ucrt\string.h(90): note: zobacz deklarację „strcat”
c:\users\maike\source\repos\project12\project12\źródło.c(173): warning C4047: "inicjowanie": "char *" różni się w poziomach operatorów pośrednich od "int"
c:\users\maike\source\repos\project12\project12\źródło.c(174): error C4996: 'strdup': The POSIX name for this item is deprecated. Instead, use the ISO C and C++ conformant name: _strdup. See online help for details.
  c:\program files (x86)\windows kits\10\include\10.0.17134.0\ucrt\string.h(536): note: zobacz deklarację „strdup”
