  Źródło.cpp
c:\users\maike\source\repos\iteratorystl\iteratorystl\źródło.cpp(20): warning C4244: "argument": konwersja z "time_t" do "unsigned int", możliwa utrata danych
c:\program files (x86)\microsoft visual studio\2017\enterprise\vc\tools\msvc\14.16.27023\include\xutility(2414): warning C4244: "=": konwersja z "int" do "float", możliwa utrata danych
  c:\program files (x86)\microsoft visual studio\2017\enterprise\vc\tools\msvc\14.16.27023\include\xutility(2434): note: zobacz odwołanie do funkcji szablon; wystąpienie „_OutIt std::_Copy_unchecked1<_InIt,_OutIt>(_InIt,_InIt,_OutIt,std::_General_ptr_iterator_tag)” jest kompilowane
          with
          [
              _OutIt=float *,
              _InIt=int *
          ]
  c:\program files (x86)\microsoft visual studio\2017\enterprise\vc\tools\msvc\14.16.27023\include\xutility(2445): note: zobacz odwołanie do funkcji szablon; wystąpienie „_OutIt *std::_Copy_unchecked<int*,float*>(_InIt,_InIt,_OutIt)” jest kompilowane
          with
          [
              _OutIt=float *,
              _InIt=int *
          ]
  c:\users\maike\source\repos\iteratorystl\iteratorystl\źródło.cpp(86): note: zobacz odwołanie do funkcji szablon; wystąpienie „_OutIt std::copy<std::_Vector_iterator<std::_Vector_val<std::_Simple_types<_Ty>>>,std::_Vector_iterator<std::_Vector_val<std::_Simple_types<float>>>>(_InIt,_InIt,_OutIt)” jest kompilowane
          with
          [
              _OutIt=std::_Vector_iterator<std::_Vector_val<std::_Simple_types<float>>>,
              _Ty=int,
              _InIt=std::_Vector_iterator<std::_Vector_val<std::_Simple_types<int>>>
          ]
  IteratorySTL.vcxproj -> C:\Users\Maike\source\repos\IteratorySTL\Debug\IteratorySTL.exe
