  Klasy.cpp
c:\users\maike\source\repos\projekt_zaliczeniowy_pk3\projekt_zaliczeniowy_pk3\klasy.cpp(15): warning C4244: "inicjowanie": konwersja z "float" do "int", możliwa utrata danych
c:\users\maike\source\repos\projekt_zaliczeniowy_pk3\projekt_zaliczeniowy_pk3\klasy.cpp(60): warning C4244: "argument": konwersja z "int" do "float", możliwa utrata danych
c:\users\maike\source\repos\projekt_zaliczeniowy_pk3\projekt_zaliczeniowy_pk3\klasy.cpp(95): warning C4244: "inicjowanie": konwersja z "float" do "int", możliwa utrata danych
c:\users\maike\source\repos\projekt_zaliczeniowy_pk3\projekt_zaliczeniowy_pk3\klasy.cpp(99): warning C4244: "inicjowanie": konwersja z "double" do "int", możliwa utrata danych
c:\users\maike\source\repos\projekt_zaliczeniowy_pk3\projekt_zaliczeniowy_pk3\klasy.cpp(100): warning C4244: "inicjowanie": konwersja z "double" do "int", możliwa utrata danych
c:\users\maike\source\repos\projekt_zaliczeniowy_pk3\projekt_zaliczeniowy_pk3\klasy.cpp(101): warning C4244: "inicjowanie": konwersja z "double" do "int", możliwa utrata danych
c:\users\maike\source\repos\projekt_zaliczeniowy_pk3\projekt_zaliczeniowy_pk3\klasy.cpp(102): warning C4244: "inicjowanie": konwersja z "double" do "int", możliwa utrata danych
c:\users\maike\source\repos\projekt_zaliczeniowy_pk3\projekt_zaliczeniowy_pk3\klasy.cpp(129): warning C4244: "argument": konwersja z "int" do "float", możliwa utrata danych
c:\users\maike\source\repos\projekt_zaliczeniowy_pk3\projekt_zaliczeniowy_pk3\klasy.cpp(136): warning C4244: "inicjowanie": konwersja z "double" do "int", możliwa utrata danych
c:\users\maike\source\repos\projekt_zaliczeniowy_pk3\projekt_zaliczeniowy_pk3\klasy.cpp(137): warning C4244: "inicjowanie": konwersja z "double" do "int", możliwa utrata danych
c:\users\maike\source\repos\projekt_zaliczeniowy_pk3\projekt_zaliczeniowy_pk3\klasy.cpp(138): warning C4244: "inicjowanie": konwersja z "double" do "int", możliwa utrata danych
c:\users\maike\source\repos\projekt_zaliczeniowy_pk3\projekt_zaliczeniowy_pk3\klasy.cpp(139): warning C4244: "inicjowanie": konwersja z "double" do "int", możliwa utrata danych
c:\users\maike\source\repos\projekt_zaliczeniowy_pk3\projekt_zaliczeniowy_pk3\klasy.cpp(172): warning C4244: "argument": konwersja z "int" do "float", możliwa utrata danych
c:\users\maike\source\repos\projekt_zaliczeniowy_pk3\projekt_zaliczeniowy_pk3\klasy.cpp(208): warning C4244: "argument": konwersja z "int" do "float", możliwa utrata danych
c:\users\maike\source\repos\projekt_zaliczeniowy_pk3\projekt_zaliczeniowy_pk3\klasy.cpp(220): warning C4244: "argument": konwersja z "int" do "float", możliwa utrata danych
c:\users\maike\source\repos\projekt_zaliczeniowy_pk3\projekt_zaliczeniowy_pk3\klasy.cpp(233): warning C4244: "argument": konwersja z "int" do "float", możliwa utrata danych
c:\users\maike\source\repos\projekt_zaliczeniowy_pk3\projekt_zaliczeniowy_pk3\klasy.cpp(245): warning C4244: "argument": konwersja z "int" do "float", możliwa utrata danych
c:\users\maike\source\repos\projekt_zaliczeniowy_pk3\projekt_zaliczeniowy_pk3\klasy.cpp(257): warning C4244: "argument": konwersja z "int" do "float", możliwa utrata danych
c:\users\maike\source\repos\projekt_zaliczeniowy_pk3\projekt_zaliczeniowy_pk3\klasy.cpp(269): warning C4244: "argument": konwersja z "int" do "float", możliwa utrata danych
c:\users\maike\source\repos\projekt_zaliczeniowy_pk3\projekt_zaliczeniowy_pk3\klasy.cpp(281): warning C4244: "argument": konwersja z "int" do "float", możliwa utrata danych
  Projekt_zaliczeniowy_PK3.vcxproj -> C:\Users\Maike\source\repos\Projekt_zaliczeniowy_PK3\x64\Debug\Projekt_zaliczeniowy_PK3.exe
